\BOOKMARK [0][-]{section*.1}{\315ndice general}{}% 1
\BOOKMARK [0][-]{section*.2}{\315ndice de figuras}{}% 2
\BOOKMARK [0][-]{section*.3}{\315ndice de tablas}{}% 3
\BOOKMARK [0][-]{chapter.1}{Introducci\363n}{}% 4
\BOOKMARK [1][-]{section.1.1}{Motivaci\363n}{chapter.1}% 5
\BOOKMARK [1][-]{section.1.2}{Objetivos}{chapter.1}% 6
\BOOKMARK [1][-]{section.1.3}{Estructura de la memoria}{chapter.1}% 7
\BOOKMARK [0][-]{chapter.2}{Buscando confidencialidad: funciones resumen}{}% 8
\BOOKMARK [1][-]{section.2.1}{Definici\363n}{chapter.2}% 9
\BOOKMARK [1][-]{section.2.2}{Propiedades}{chapter.2}% 10
\BOOKMARK [1][-]{section.2.3}{Contramedidas de una funci\363n hash para inutilizar el ataque del arco iris}{chapter.2}% 11
\BOOKMARK [1][-]{section.2.4}{Funci\363n atacada: CRC-32}{chapter.2}% 12
\BOOKMARK [0][-]{chapter.3}{Antecesores al ataque del arco iris}{}% 13
\BOOKMARK [1][-]{section.3.1}{Primera aproximaci\363n: time-memory trade-off}{chapter.3}% 14
\BOOKMARK [1][-]{section.3.2}{Puntos distinguidos}{chapter.3}% 15
\BOOKMARK [0][-]{chapter.4}{El ataque del arco iris}{}% 16
\BOOKMARK [1][-]{section.4.1}{Generaci\363n de tablas del arco iris}{chapter.4}% 17
\BOOKMARK [1][-]{section.4.2}{Generaci\363n de contrase\361as aleatorias}{chapter.4}% 18
\BOOKMARK [1][-]{section.4.3}{Primeras pruebas}{chapter.4}% 19
\BOOKMARK [1][-]{section.4.4}{En busca de la configuraci\363n perfecta}{chapter.4}% 20
\BOOKMARK [1][-]{section.4.5}{Resultados finales}{chapter.4}% 21
\BOOKMARK [0][-]{chapter.5}{Conclusiones}{}% 22
\BOOKMARK [0][-]{chapter*.20}{Bibliograf\355a}{}% 23
\BOOKMARK [0][-]{appendix.Alph1}{Configuraci\363n del sistema}{}% 24
