\BOOKMARK [0][-]{section*.1}{\315ndice general}{}% 1
\BOOKMARK [0][-]{section*.2}{\315ndice de figuras}{}% 2
\BOOKMARK [0][-]{section*.3}{\315ndice de tablas}{}% 3
\BOOKMARK [0][-]{chapter.1}{Introducci\363n}{}% 4
\BOOKMARK [1][-]{section.1.1}{Criptograf\355a, la piedra angular}{chapter.1}% 5
\BOOKMARK [2][-]{subsection.1.1.1}{Definici\363n}{section.1.1}% 6
\BOOKMARK [2][-]{subsection.1.1.2}{Caracter\355sticas b\341sicas}{section.1.1}% 7
\BOOKMARK [1][-]{section.1.2}{Buscando confidencialidad: funciones resumen}{chapter.1}% 8
\BOOKMARK [2][-]{subsection.1.2.1}{Definici\363n}{section.1.2}% 9
\BOOKMARK [2][-]{subsection.1.2.2}{Propiedades}{section.1.2}% 10
\BOOKMARK [2][-]{subsection.1.2.3}{Resistencias}{section.1.2}% 11
\BOOKMARK [1][-]{section.1.3}{Motivaci\363n}{chapter.1}% 12
\BOOKMARK [1][-]{section.1.4}{Objetivos}{chapter.1}% 13
\BOOKMARK [1][-]{section.1.5}{Estructura de la memoria}{chapter.1}% 14
\BOOKMARK [0][-]{chapter.2}{Aproximaciones en la b\372squeda de colisiones para funciones resumen}{}% 15
\BOOKMARK [1][-]{section.2.1}{La paradoja del cumplea\361os}{chapter.2}% 16
\BOOKMARK [2][-]{subsection.2.1.1}{El algoritmo de Yuval aplicado al ataque del cumplea\361os}{section.2.1}% 17
\BOOKMARK [1][-]{section.2.2}{Time-memory trade-off}{chapter.2}% 18
\BOOKMARK [2][-]{subsection.2.2.1}{Par\341metros a tener en cuenta}{section.2.2}% 19
\BOOKMARK [2][-]{subsection.2.2.2}{Generaci\363n de una tabla}{section.2.2}% 20
\BOOKMARK [2][-]{subsection.2.2.3}{Empleando tablas para la b\372squeda de colisiones}{section.2.2}% 21
\BOOKMARK [0][-]{chapter.3}{El ataque del arco iris}{}% 22
\BOOKMARK [1][-]{section.3.1}{Desarrollo y relaci\363n con trabajos anteriores}{chapter.3}% 23
\BOOKMARK [1][-]{section.3.2}{Tablas del arco iris: un viejo concepto revisitado}{chapter.3}% 24
\BOOKMARK [1][-]{section.3.3}{Propiedades fundamentales de las tablas del arco iris}{chapter.3}% 25
\BOOKMARK [2][-]{subsection.3.3.1}{Funciones de reconstrucci\363n}{section.3.3}% 26
\BOOKMARK [2][-]{subsection.3.3.2}{Escalabilidad}{section.3.3}% 27
\BOOKMARK [1][-]{section.3.4}{Puntos distinguidos}{chapter.3}% 28
\BOOKMARK [1][-]{section.3.5}{Contramedidas de una funci\363n hash para inutilizar el ataque del arco iris}{chapter.3}% 29
\BOOKMARK [0][-]{chapter.4}{Experimentaci\363n}{}% 30
\BOOKMARK [1][-]{section.4.1}{Especificaciones}{chapter.4}% 31
\BOOKMARK [2][-]{subsection.4.1.1}{Dominio de contrase\361as atacado}{section.4.1}% 32
\BOOKMARK [2][-]{subsection.4.1.2}{Funci\363n resumen atacada: CRC-32}{section.4.1}% 33
\BOOKMARK [1][-]{section.4.2}{Primera aproximaci\363n}{chapter.4}% 34
\BOOKMARK [2][-]{subsection.4.2.1}{Dimensiones iniciales}{section.4.2}% 35
\BOOKMARK [2][-]{subsection.4.2.2}{Funci\363n de reconstrucci\363n}{section.4.2}% 36
\BOOKMARK [2][-]{subsection.4.2.3}{Generaci\363n y uso de tablas del arco iris}{section.4.2}% 37
\BOOKMARK [1][-]{section.4.3}{Otra funci\363n de reconstrucci\363n}{chapter.4}% 38
\BOOKMARK [1][-]{section.4.4}{Combinando funciones de reconstrucci\363n}{chapter.4}% 39
\BOOKMARK [1][-]{section.4.5}{Comparaci\363n y discusi\363n}{chapter.4}% 40
\BOOKMARK [1][-]{section.4.6}{Generaci\363n de tablas del arco iris}{chapter.4}% 41
\BOOKMARK [1][-]{section.4.7}{Generaci\363n de contrase\361as aleatorias}{chapter.4}% 42
\BOOKMARK [1][-]{section.4.8}{Primeras pruebas}{chapter.4}% 43
\BOOKMARK [1][-]{section.4.9}{En busca de la configuraci\363n perfecta}{chapter.4}% 44
\BOOKMARK [1][-]{section.4.10}{Resultados finales}{chapter.4}% 45
\BOOKMARK [0][-]{chapter.5}{Conclusiones}{}% 46
\BOOKMARK [0][-]{chapter*.20}{Bibliograf\355a}{}% 47
